[2023-09-02 16:46:32:220 ] [31m[main][0;39m [34mINFO [0;39m [1;37m[org.springframework.boot.StartupInfoLogger.logStarting:[33m51[0;39m][0;39m - Starting LogController using Java 17.0.8 with PID 2797 (/Users/minsang/study/javaSpring/build/classes/java/main started by minsang in /Users/minsang/study/javaSpring)
[2023-09-02 16:46:32:221 ] [31m[main][0;39m [34mINFO [0;39m [1;37m[org.springframework.boot.SpringApplication.logStartupProfileInfo:[33m640[0;39m][0;39m - The following 1 profile is active: "prod"
[2023-09-02 16:46:32:489 ] [31m[main][0;39m [34mINFO [0;39m [1;37m[org.springframework.boot.web.embedded.tomcat.TomcatWebServer.initialize:[33m108[0;39m][0;39m - Tomcat initialized with port(s): 8080 (http)
[2023-09-02 16:46:32:492 ] [31m[main][0;39m [34mINFO [0;39m [1;37m[org.apache.juli.logging.DirectJDKLog.log:[33m173[0;39m][0;39m - Initializing ProtocolHandler ["http-nio-8080"]
[2023-09-02 16:46:32:493 ] [31m[main][0;39m [34mINFO [0;39m [1;37m[org.apache.juli.logging.DirectJDKLog.log:[33m173[0;39m][0;39m - Starting service [Tomcat]
[2023-09-02 16:46:32:493 ] [31m[main][0;39m [34mINFO [0;39m [1;37m[org.apache.juli.logging.DirectJDKLog.log:[33m173[0;39m][0;39m - Starting Servlet engine: [Apache Tomcat/10.1.12]
[2023-09-02 16:46:32:522 ] [31m[main][0;39m [34mINFO [0;39m [1;37m[org.apache.juli.logging.DirectJDKLog.log:[33m173[0;39m][0;39m - Initializing Spring embedded WebApplicationContext
[2023-09-02 16:46:32:522 ] [31m[main][0;39m [34mINFO [0;39m [1;37m[org.springframework.boot.web.servlet.context.ServletWebServerApplicationContext.prepareWebApplicationContext:[33m291[0;39m][0;39m - Root WebApplicationContext: initialization completed in 287 ms
[2023-09-02 16:46:32:619 ] [31m[main][0;39m [34mINFO [0;39m [1;37m[org.apache.juli.logging.DirectJDKLog.log:[33m173[0;39m][0;39m - Starting ProtocolHandler ["http-nio-8080"]
[2023-09-02 16:46:32:627 ] [31m[main][0;39m [34mINFO [0;39m [1;37m[org.springframework.boot.web.embedded.tomcat.TomcatWebServer.start:[33m220[0;39m][0;39m - Tomcat started on port(s): 8080 (http) with context path ''
[2023-09-02 16:46:32:630 ] [31m[main][0;39m [34mINFO [0;39m [1;37m[org.springframework.boot.StartupInfoLogger.logStarted:[33m57[0;39m][0;39m - Started LogController in 0.579 seconds (process running for 0.939)
[2023-09-02 16:46:39:7382] [31m[http-nio-8080-exec-1][0;39m [34mINFO [0;39m [1;37m[org.apache.juli.logging.DirectJDKLog.log:[33m173[0;39m][0;39m - Initializing Spring DispatcherServlet 'dispatcherServlet'
[2023-09-02 16:46:39:7382] [31m[http-nio-8080-exec-1][0;39m [34mINFO [0;39m [1;37m[org.springframework.web.servlet.FrameworkServlet.initServletBean:[33m532[0;39m][0;39m - Initializing Servlet 'dispatcherServlet'
[2023-09-02 16:46:39:7382] [31m[http-nio-8080-exec-1][0;39m [34mINFO [0;39m [1;37m[org.springframework.web.servlet.FrameworkServlet.initServletBean:[33m554[0;39m][0;39m - Completed initialization in 0 ms
[2023-09-02 16:46:39:7392] [31m[http-nio-8080-exec-1][0;39m [34mINFO [0;39m [1;37m[com.example.javaspring.log4j.LogService.log:[33m14[0;39m][0;39m - info
[2023-09-02 16:56:08:224 ] [31m[main][0;39m [34mINFO [0;39m [1;37m[org.springframework.boot.StartupInfoLogger.logStarting:[33m51[0;39m][0;39m - Starting LogController using Java 17.0.8 with PID 2850 (/Users/minsang/study/javaSpring/build/classes/java/main started by minsang in /Users/minsang/study/javaSpring)
[2023-09-02 16:56:08:225 ] [31m[main][0;39m [34mINFO [0;39m [1;37m[org.springframework.boot.SpringApplication.logStartupProfileInfo:[33m640[0;39m][0;39m - The following 1 profile is active: "prod"
[2023-09-02 16:56:08:492 ] [31m[main][0;39m [34mINFO [0;39m [1;37m[org.springframework.boot.web.embedded.tomcat.TomcatWebServer.initialize:[33m108[0;39m][0;39m - Tomcat initialized with port(s): 8080 (http)
[2023-09-02 16:56:08:495 ] [31m[main][0;39m [34mINFO [0;39m [1;37m[org.apache.juli.logging.DirectJDKLog.log:[33m173[0;39m][0;39m - Initializing ProtocolHandler ["http-nio-8080"]
[2023-09-02 16:56:08:495 ] [31m[main][0;39m [34mINFO [0;39m [1;37m[org.apache.juli.logging.DirectJDKLog.log:[33m173[0;39m][0;39m - Starting service [Tomcat]
[2023-09-02 16:56:08:496 ] [31m[main][0;39m [34mINFO [0;39m [1;37m[org.apache.juli.logging.DirectJDKLog.log:[33m173[0;39m][0;39m - Starting Servlet engine: [Apache Tomcat/10.1.12]
[2023-09-02 16:56:08:524 ] [31m[main][0;39m [34mINFO [0;39m [1;37m[org.apache.juli.logging.DirectJDKLog.log:[33m173[0;39m][0;39m - Initializing Spring embedded WebApplicationContext
[2023-09-02 16:56:08:524 ] [31m[main][0;39m [34mINFO [0;39m [1;37m[org.springframework.boot.web.servlet.context.ServletWebServerApplicationContext.prepareWebApplicationContext:[33m291[0;39m][0;39m - Root WebApplicationContext: initialization completed in 284 ms
[2023-09-02 16:56:09:620 ] [31m[main][0;39m [34mINFO [0;39m [1;37m[org.apache.juli.logging.DirectJDKLog.log:[33m173[0;39m][0;39m - Starting ProtocolHandler ["http-nio-8080"]
[2023-09-02 16:56:09:627 ] [31m[main][0;39m [34mINFO [0;39m [1;37m[org.springframework.boot.web.embedded.tomcat.TomcatWebServer.start:[33m220[0;39m][0;39m - Tomcat started on port(s): 8080 (http) with context path ''
[2023-09-02 16:56:09:631 ] [31m[main][0;39m [34mINFO [0;39m [1;37m[org.springframework.boot.StartupInfoLogger.logStarted:[33m57[0;39m][0;39m - Started LogController in 0.584 seconds (process running for 0.883)
[2023-09-02 16:56:20:12178] [31m[http-nio-8080-exec-1][0;39m [34mINFO [0;39m [1;37m[org.apache.juli.logging.DirectJDKLog.log:[33m173[0;39m][0;39m - Initializing Spring DispatcherServlet 'dispatcherServlet'
[2023-09-02 16:56:20:12178] [31m[http-nio-8080-exec-1][0;39m [34mINFO [0;39m [1;37m[org.springframework.web.servlet.FrameworkServlet.initServletBean:[33m532[0;39m][0;39m - Initializing Servlet 'dispatcherServlet'
[2023-09-02 16:56:20:12179] [31m[http-nio-8080-exec-1][0;39m [34mINFO [0;39m [1;37m[org.springframework.web.servlet.FrameworkServlet.initServletBean:[33m554[0;39m][0;39m - Completed initialization in 1 ms
[2023-09-02 16:56:20:12190] [31m[http-nio-8080-exec-1][0;39m [34mINFO [0;39m [1;37m[com.example.javaspring.log4j.LogService.log:[33m14[0;39m][0;39m - info
[2023-09-02 17:13:35:222 ] [31m[main][0;39m [34mINFO [0;39m [1;37m[org.springframework.boot.StartupInfoLogger.logStarting:[33m51[0;39m][0;39m - Starting LogController using Java 17.0.8 with PID 2979 (/Users/minsang/study/javaSpring/build/classes/java/main started by minsang in /Users/minsang/study/javaSpring)
[2023-09-02 17:13:35:223 ] [31m[main][0;39m [34mINFO [0;39m [1;37m[org.springframework.boot.SpringApplication.logStartupProfileInfo:[33m640[0;39m][0;39m - The following 1 profile is active: "prod"
[2023-09-02 17:13:35:488 ] [31m[main][0;39m [34mINFO [0;39m [1;37m[org.springframework.boot.web.embedded.tomcat.TomcatWebServer.initialize:[33m108[0;39m][0;39m - Tomcat initialized with port(s): 8080 (http)
[2023-09-02 17:13:35:491 ] [31m[main][0;39m [34mINFO [0;39m [1;37m[org.apache.juli.logging.DirectJDKLog.log:[33m173[0;39m][0;39m - Initializing ProtocolHandler ["http-nio-8080"]
[2023-09-02 17:13:35:491 ] [31m[main][0;39m [34mINFO [0;39m [1;37m[org.apache.juli.logging.DirectJDKLog.log:[33m173[0;39m][0;39m - Starting service [Tomcat]
[2023-09-02 17:13:35:491 ] [31m[main][0;39m [34mINFO [0;39m [1;37m[org.apache.juli.logging.DirectJDKLog.log:[33m173[0;39m][0;39m - Starting Servlet engine: [Apache Tomcat/10.1.12]
[2023-09-02 17:13:35:521 ] [31m[main][0;39m [34mINFO [0;39m [1;37m[org.apache.juli.logging.DirectJDKLog.log:[33m173[0;39m][0;39m - Initializing Spring embedded WebApplicationContext
[2023-09-02 17:13:35:521 ] [31m[main][0;39m [34mINFO [0;39m [1;37m[org.springframework.boot.web.servlet.context.ServletWebServerApplicationContext.prepareWebApplicationContext:[33m291[0;39m][0;39m - Root WebApplicationContext: initialization completed in 282 ms
[2023-09-02 17:13:35:619 ] [31m[main][0;39m [34mINFO [0;39m [1;37m[org.apache.juli.logging.DirectJDKLog.log:[33m173[0;39m][0;39m - Starting ProtocolHandler ["http-nio-8080"]
[2023-09-02 17:13:35:626 ] [31m[main][0;39m [34mINFO [0;39m [1;37m[org.springframework.boot.web.embedded.tomcat.TomcatWebServer.start:[33m220[0;39m][0;39m - Tomcat started on port(s): 8080 (http) with context path ''
[2023-09-02 17:13:35:629 ] [31m[main][0;39m [34mINFO [0;39m [1;37m[org.springframework.boot.StartupInfoLogger.logStarted:[33m57[0;39m][0;39m - Started LogController in 0.579 seconds (process running for 0.914)
[2023-09-02 17:13:45:9879] [31m[http-nio-8080-exec-1][0;39m [34mINFO [0;39m [1;37m[org.apache.juli.logging.DirectJDKLog.log:[33m173[0;39m][0;39m - Initializing Spring DispatcherServlet 'dispatcherServlet'
[2023-09-02 17:13:45:9879] [31m[http-nio-8080-exec-1][0;39m [34mINFO [0;39m [1;37m[org.springframework.web.servlet.FrameworkServlet.initServletBean:[33m532[0;39m][0;39m - Initializing Servlet 'dispatcherServlet'
[2023-09-02 17:13:45:9880] [31m[http-nio-8080-exec-1][0;39m [34mINFO [0;39m [1;37m[org.springframework.web.servlet.FrameworkServlet.initServletBean:[33m554[0;39m][0;39m - Completed initialization in 1 ms
[2023-09-02 17:13:45:9890] [31m[http-nio-8080-exec-1][0;39m [34mINFO [0;39m [1;37m[com.example.javaspring.log4j.LogService.log:[33m14[0;39m][0;39m - info
이[2023-09-02 18:57:19:6224663] [31m[http-nio-8080-exec-4][0;39m [34mINFO [0;39m [1;37m[org.apache.juli.logging.DirectJDKLog.log:[33m175[0;39m][0;39m - Error parsing HTTP request header
 Note: further occurrences of HTTP request parsing errors will be logged at DEBUG level.
java.lang.IllegalArgumentException: Invalid character found in method name [0x160x030x010x00{0x010x000x00w0x030x030xd70x0c0x9b0x85R,i0xca0xd20x1a0xaf0xf10xfae0x9e!O0x00i0x070x820x0a90x09Dp0xaa0x08I0xecK0xe80x000x000x1a0xc0/0xc0+0xc00x110xc00x070xc00x130xc00x090xc00x140xc00x0a0x000x050x00/0x0050xc00x120x000x0a0x010x000x0040x000x050x000x050x010x000x000x000x000x000x0a0x000x080x000x060x000x170x000x180x000x190x000x0b0x000x020x010x000x000x0d0x000x100x000x0e0x040x010x040x030x020x010x020x030x040x010x050x010x060x010xff0x010x000x010x00...]. HTTP method names must be tokens
	at org.apache.coyote.http11.Http11InputBuffer.parseRequestLine(Http11InputBuffer.java:407)
	at org.apache.coyote.http11.Http11Processor.service(Http11Processor.java:264)
	at org.apache.coyote.AbstractProcessorLight.process(AbstractProcessorLight.java:63)
	at org.apache.coyote.AbstractProtocol$ConnectionHandler.process(AbstractProtocol.java:894)
	at org.apache.tomcat.util.net.NioEndpoint$SocketProcessor.doRun(NioEndpoint.java:1740)
	at org.apache.tomcat.util.net.SocketProcessorBase.run(SocketProcessorBase.java:52)
	at org.apache.tomcat.util.threads.ThreadPoolExecutor.runWorker(ThreadPoolExecutor.java:1191)
	at org.apache.tomcat.util.threads.ThreadPoolExecutor$Worker.run(ThreadPoolExecutor.java:659)
	at org.apache.tomcat.util.threads.TaskThread$WrappingRunnable.run(TaskThread.java:61)
	at java.base/java.lang.Thread.run(Thread.java:833)
